-------------------------------------------------------------------------------
Test set: in.example.springrestapi.SpringrestapiApplicationTests
-------------------------------------------------------------------------------
Tests run: 1, Failures: 0, Errors: 1, Skipped: 0, Time elapsed: 9.081 s <<< FAILURE! - in in.example.springrestapi.SpringrestapiApplicationTests
contextLoads  Time elapsed: 0.013 s  <<< ERROR!
java.lang.IllegalStateException: Failed to load ApplicationContext
Caused by: org.springframework.context.ApplicationContextException: Failed to start bean 'documentationPluginsBootstrapper'; nested exception is java.lang.NullPointerException: Cannot invoke "org.springframework.web.servlet.mvc.condition.PatternsRequestCondition.toString()" because the return value of "springfox.documentation.spi.service.contexts.Orderings.patternsCondition(springfox.documentation.RequestHandler)" is null
Caused by: java.lang.NullPointerException: Cannot invoke "org.springframework.web.servlet.mvc.condition.PatternsRequestCondition.toString()" because the return value of "springfox.documentation.spi.service.contexts.Orderings.patternsCondition(springfox.documentation.RequestHandler)" is null

